<?xml version="1.0" encoding="UTF-8"?>
<testsuite name="com.example.simulator.domain.order.OrderServiceTest" tests="2" skipped="0" failures="0" errors="0" timestamp="2026-03-05T13:52:31.249Z" hostname="Usang-MacBookPro.local" time="0.322">
  <properties/>
  <testcase name="주문 완료" classname="com.example.simulator.domain.order.OrderServiceTest" time="0.293"/>
  <testcase name="잔액이 부족, 주문 실패" classname="com.example.simulator.domain.order.OrderServiceTest" time="0.024"/>
  <system-out><![CDATA[22:52:28.993 [Test worker] INFO org.springframework.test.context.support.AnnotationConfigContextLoaderUtils -- Could not detect default configuration classes for test class [com.example.simulator.domain.order.OrderServiceTest]: OrderServiceTest does not declare any static, non-private, non-final, nested classes annotated with @Configuration.
22:52:29.042 [Test worker] INFO org.springframework.boot.test.context.SpringBootTestContextBootstrapper -- Found @SpringBootConfiguration com.example.simulator.SimulatorApplication for test class com.example.simulator.domain.order.OrderServiceTest

  .   ____          _            __ _ _
 /\\ / ___'_ __ _ _(_)_ __  __ _ \ \ \ \
( ( )\___ | '_ | '_| | '_ \/ _` | \ \ \ \
 \\/  ___)| |_)| | | | | || (_| |  ) ) ) )
  '  |____| .__|_| |_|_| |_\__, | / / / /
 =========|_|==============|___/=/_/_/_/

 :: Spring Boot ::               (v3.5.11)

2026-03-05T22:52:29.216+09:00  INFO 3067 --- [    Test worker] c.e.s.domain.order.OrderServiceTest      : Starting OrderServiceTest using Java 17.0.17 with PID 3067 (started by usang in /Users/usang/IdeaProjects/simulator)
2026-03-05T22:52:29.217+09:00  INFO 3067 --- [    Test worker] c.e.s.domain.order.OrderServiceTest      : No active profile set, falling back to 1 default profile: "default"
2026-03-05T22:52:29.499+09:00  INFO 3067 --- [    Test worker] .s.d.r.c.RepositoryConfigurationDelegate : Multiple Spring Data modules found, entering strict repository configuration mode
2026-03-05T22:52:29.500+09:00  INFO 3067 --- [    Test worker] .s.d.r.c.RepositoryConfigurationDelegate : Bootstrapping Spring Data JPA repositories in DEFAULT mode.
2026-03-05T22:52:29.571+09:00  INFO 3067 --- [    Test worker] .s.d.r.c.RepositoryConfigurationDelegate : Finished Spring Data repository scanning in 67 ms. Found 3 JPA repository interfaces.
2026-03-05T22:52:29.579+09:00  INFO 3067 --- [    Test worker] .s.d.r.c.RepositoryConfigurationDelegate : Multiple Spring Data modules found, entering strict repository configuration mode
2026-03-05T22:52:29.580+09:00  INFO 3067 --- [    Test worker] .s.d.r.c.RepositoryConfigurationDelegate : Bootstrapping Spring Data Redis repositories in DEFAULT mode.
2026-03-05T22:52:29.586+09:00  INFO 3067 --- [    Test worker] .RepositoryConfigurationExtensionSupport : Spring Data Redis - Could not safely identify store assignment for repository candidate interface com.example.simulator.domain.member.MemberRepository; If you want this repository to be a Redis repository, consider annotating your entities with one of these annotations: org.springframework.data.redis.core.RedisHash (preferred), or consider extending one of the following types with your repository: org.springframework.data.keyvalue.repository.KeyValueRepository
2026-03-05T22:52:29.587+09:00  INFO 3067 --- [    Test worker] .RepositoryConfigurationExtensionSupport : Spring Data Redis - Could not safely identify store assignment for repository candidate interface com.example.simulator.domain.order.OrderRepository; If you want this repository to be a Redis repository, consider annotating your entities with one of these annotations: org.springframework.data.redis.core.RedisHash (preferred), or consider extending one of the following types with your repository: org.springframework.data.keyvalue.repository.KeyValueRepository
2026-03-05T22:52:29.587+09:00  INFO 3067 --- [    Test worker] .RepositoryConfigurationExtensionSupport : Spring Data Redis - Could not safely identify store assignment for repository candidate interface com.example.simulator.domain.stock.StockRepository; If you want this repository to be a Redis repository, consider annotating your entities with one of these annotations: org.springframework.data.redis.core.RedisHash (preferred), or consider extending one of the following types with your repository: org.springframework.data.keyvalue.repository.KeyValueRepository
2026-03-05T22:52:29.587+09:00  INFO 3067 --- [    Test worker] .s.d.r.c.RepositoryConfigurationDelegate : Finished Spring Data repository scanning in 3 ms. Found 0 Redis repository interfaces.
2026-03-05T22:52:29.789+09:00  INFO 3067 --- [    Test worker] o.hibernate.jpa.internal.util.LogHelper  : HHH000204: Processing PersistenceUnitInfo [name: default]
2026-03-05T22:52:29.809+09:00  INFO 3067 --- [    Test worker] org.hibernate.Version                    : HHH000412: Hibernate ORM core version 6.6.42.Final
2026-03-05T22:52:29.822+09:00  INFO 3067 --- [    Test worker] o.h.c.internal.RegionFactoryInitiator    : HHH000026: Second-level cache disabled
2026-03-05T22:52:29.936+09:00  INFO 3067 --- [    Test worker] o.s.o.j.p.SpringPersistenceUnitInfo      : No LoadTimeWeaver setup: ignoring JPA class transformer
2026-03-05T22:52:29.949+09:00  INFO 3067 --- [    Test worker] com.zaxxer.hikari.HikariDataSource       : HikariPool-1 - Starting...
2026-03-05T22:52:30.103+09:00  INFO 3067 --- [    Test worker] com.zaxxer.hikari.pool.HikariPool        : HikariPool-1 - Added connection com.mysql.cj.jdbc.ConnectionImpl@1071ae7c
2026-03-05T22:52:30.104+09:00  INFO 3067 --- [    Test worker] com.zaxxer.hikari.HikariDataSource       : HikariPool-1 - Start completed.
2026-03-05T22:52:30.125+09:00  WARN 3067 --- [    Test worker] org.hibernate.orm.deprecation            : HHH90000025: MySQL8Dialect does not need to be specified explicitly using 'hibernate.dialect' (remove the property setting and it will be selected by default)
2026-03-05T22:52:30.126+09:00  WARN 3067 --- [    Test worker] org.hibernate.orm.deprecation            : HHH90000026: MySQL8Dialect has been deprecated; use org.hibernate.dialect.MySQLDialect instead
2026-03-05T22:52:30.136+09:00  INFO 3067 --- [    Test worker] org.hibernate.orm.connections.pooling    : HHH10001005: Database info:
	Database JDBC URL [Connecting through datasource 'HikariDataSource (HikariPool-1)']
	Database driver: undefined/unknown
	Database version: 8.0
	Autocommit mode: undefined/unknown
	Isolation level: undefined/unknown
	Minimum pool size: undefined/unknown
	Maximum pool size: undefined/unknown
2026-03-05T22:52:30.622+09:00  INFO 3067 --- [    Test worker] o.h.e.t.j.p.i.JtaPlatformInitiator       : HHH000489: No JTA platform available (set 'hibernate.transaction.jta.platform' to enable JTA platform integration)
2026-03-05T22:52:30.669+09:00  INFO 3067 --- [    Test worker] j.LocalContainerEntityManagerFactoryBean : Initialized JPA EntityManagerFactory for persistence unit 'default'
2026-03-05T22:52:30.885+09:00  WARN 3067 --- [    Test worker] JpaBaseConfiguration$JpaWebConfiguration : spring.jpa.open-in-view is enabled by default. Therefore, database queries may be performed during view rendering. Explicitly configure spring.jpa.open-in-view to disable this warning
2026-03-05T22:52:31.242+09:00  INFO 3067 --- [    Test worker] c.e.s.domain.order.OrderServiceTest      : Started OrderServiceTest in 2.143 seconds (process running for 2.636)
Hibernate: 
    insert 
    into
        member
        (balance, name) 
    values
        (?, ?)
Hibernate: 
    select
        s1_0.stock_code,
        s1_0.stock_name 
    from
        stock s1_0 
    where
        s1_0.stock_code=?
Hibernate: 
    insert 
    into
        stock
        (stock_name, stock_code) 
    values
        (?, ?)
Hibernate: 
    insert 
    into
        orders
        (member_id, order_price, order_time, quantity, stock_code) 
    values
        (?, ?, ?, ?, ?)
Hibernate: 
    insert 
    into
        member
        (balance, name) 
    values
        (?, ?)
Hibernate: 
    select
        s1_0.stock_code,
        s1_0.stock_name 
    from
        stock s1_0 
    where
        s1_0.stock_code=?
]]></system-out>
  <system-err><![CDATA[]]></system-err>
</testsuite>
